{"/Users/abeck/Code/personal/javascript/just-state/src/connect.js": {"path":"/Users/abeck/Code/personal/javascript/just-state/src/connect.js","statementMap":{"0":{"start":{"line":18,"column":4},"end":{"line":18,"column":16}},"1":{"start":{"line":19,"column":4},"end":{"line":19,"column":39}},"2":{"start":{"line":20,"column":4},"end":{"line":20,"column":50}},"3":{"start":{"line":40,"column":4},"end":{"line":40,"column":28}},"4":{"start":{"line":61,"column":31},"end":{"line":61,"column":41}},"5":{"start":{"line":64,"column":27},"end":{"line":72,"column":35}},"6":{"start":{"line":65,"column":21},"end":{"line":69,"column":8}},"7":{"start":{"line":66,"column":19},"end":{"line":66,"column":53}},"8":{"start":{"line":68,"column":8},"end":{"line":68,"column":47}},"9":{"start":{"line":71,"column":6},"end":{"line":71,"column":19}},"10":{"start":{"line":74,"column":4},"end":{"line":78,"column":6}},"11":{"start":{"line":75,"column":6},"end":{"line":77,"column":41}},"12":{"start":{"line":76,"column":23},"end":{"line":76,"column":60}},"13":{"start":{"line":76,"column":50},"end":{"line":76,"column":59}},"14":{"start":{"line":77,"column":28},"end":{"line":77,"column":40}},"15":{"start":{"line":87,"column":22},"end":{"line":87,"column":42}},"16":{"start":{"line":88,"column":28},"end":{"line":88,"column":54}},"17":{"start":{"line":89,"column":18},"end":{"line":89,"column":51}},"18":{"start":{"line":91,"column":4},"end":{"line":91,"column":66}},"19":{"start":{"line":95,"column":0},"end":{"line":97,"column":1}},"20":{"start":{"line":99,"column":0},"end":{"line":104,"column":1}}},"fnMap":{"0":{"name":"(anonymous_0)","decl":{"start":{"line":17,"column":2},"end":{"line":17,"column":3}},"loc":{"start":{"line":17,"column":21},"end":{"line":21,"column":3}},"line":17},"1":{"name":"(anonymous_1)","decl":{"start":{"line":39,"column":2},"end":{"line":39,"column":3}},"loc":{"start":{"line":39,"column":46},"end":{"line":41,"column":3}},"line":39},"2":{"name":"(anonymous_2)","decl":{"start":{"line":60,"column":2},"end":{"line":60,"column":3}},"loc":{"start":{"line":60,"column":24},"end":{"line":79,"column":3}},"line":60},"3":{"name":"(anonymous_3)","decl":{"start":{"line":64,"column":40},"end":{"line":64,"column":41}},"loc":{"start":{"line":64,"column":63},"end":{"line":72,"column":5}},"line":64},"4":{"name":"(anonymous_4)","decl":{"start":{"line":65,"column":38},"end":{"line":65,"column":39}},"loc":{"start":{"line":65,"column":47},"end":{"line":69,"column":7}},"line":65},"5":{"name":"(anonymous_5)","decl":{"start":{"line":74,"column":23},"end":{"line":74,"column":24}},"loc":{"start":{"line":74,"column":37},"end":{"line":78,"column":5}},"line":74},"6":{"name":"(anonymous_6)","decl":{"start":{"line":76,"column":14},"end":{"line":76,"column":15}},"loc":{"start":{"line":76,"column":23},"end":{"line":76,"column":60}},"line":76},"7":{"name":"(anonymous_7)","decl":{"start":{"line":76,"column":44},"end":{"line":76,"column":45}},"loc":{"start":{"line":76,"column":50},"end":{"line":76,"column":59}},"line":76},"8":{"name":"(anonymous_8)","decl":{"start":{"line":77,"column":15},"end":{"line":77,"column":16}},"loc":{"start":{"line":77,"column":28},"end":{"line":77,"column":40}},"line":77},"9":{"name":"(anonymous_9)","decl":{"start":{"line":86,"column":2},"end":{"line":86,"column":3}},"loc":{"start":{"line":86,"column":11},"end":{"line":92,"column":3}},"line":86}},"branchMap":{},"s":{"0":8,"1":8,"2":8,"3":3,"4":4,"5":4,"6":6,"7":6,"8":6,"9":6,"10":4,"11":4,"12":3,"13":3,"14":1,"15":11,"16":11,"17":11,"18":11,"19":2,"20":2},"f":{"0":8,"1":3,"2":4,"3":6,"4":6,"5":4,"6":3,"7":3,"8":1,"9":11},"b":{},"_coverageSchema":"332fd63041d2c1bcb487cc26dd0d5f7d97098a6c","hash":"330d216504099395f0fca37da91da37352cf1bfe"}
,"/Users/abeck/Code/personal/javascript/just-state/src/index.js": {"path":"/Users/abeck/Code/personal/javascript/just-state/src/index.js","statementMap":{},"fnMap":{},"branchMap":{},"s":{},"f":{},"b":{},"_coverageSchema":"332fd63041d2c1bcb487cc26dd0d5f7d97098a6c","hash":"fcdd61d3cf1e578df087b5af0898185e1ffb422e"}
,"/Users/abeck/Code/personal/javascript/just-state/src/logger.js": {"path":"/Users/abeck/Code/personal/javascript/just-state/src/logger.js","statementMap":{"0":{"start":{"line":9,"column":22},"end":{"line":9,"column":57}},"1":{"start":{"line":19,"column":13},"end":{"line":19,"column":28}},"2":{"start":{"line":21,"column":2},"end":{"line":21,"column":51}},"3":{"start":{"line":22,"column":2},"end":{"line":22,"column":39}},"4":{"start":{"line":23,"column":2},"end":{"line":23,"column":33}},"5":{"start":{"line":24,"column":2},"end":{"line":24,"column":33}},"6":{"start":{"line":25,"column":2},"end":{"line":25,"column":51}},"7":{"start":{"line":27,"column":2},"end":{"line":27,"column":11}}},"fnMap":{"0":{"name":"(anonymous_0)","decl":{"start":{"line":18,"column":15},"end":{"line":18,"column":16}},"loc":{"start":{"line":18,"column":61},"end":{"line":28,"column":1}},"line":18}},"branchMap":{"0":{"loc":{"start":{"line":18,"column":36},"end":{"line":18,"column":56}},"type":"default-arg","locations":[{"start":{"line":18,"column":45},"end":{"line":18,"column":56}}],"line":18}},"s":{"0":3,"1":5,"2":5,"3":5,"4":5,"5":5,"6":5,"7":5},"f":{"0":5},"b":{"0":[0]},"_coverageSchema":"332fd63041d2c1bcb487cc26dd0d5f7d97098a6c","hash":"562144cadd7b047fa97499829e5833e7421db7ac"}
,"/Users/abeck/Code/personal/javascript/just-state/src/selector.js": {"path":"/Users/abeck/Code/personal/javascript/just-state/src/selector.js","statementMap":{"0":{"start":{"line":23,"column":23},"end":{"line":23,"column":74}},"1":{"start":{"line":23,"column":46},"end":{"line":23,"column":74}}},"fnMap":{"0":{"name":"(anonymous_0)","decl":{"start":{"line":23,"column":15},"end":{"line":23,"column":16}},"loc":{"start":{"line":23,"column":23},"end":{"line":23,"column":74}},"line":23},"1":{"name":"(anonymous_1)","decl":{"start":{"line":23,"column":23},"end":{"line":23,"column":24}},"loc":{"start":{"line":23,"column":46},"end":{"line":23,"column":74}},"line":23}},"branchMap":{},"s":{"0":1,"1":2},"f":{"0":1,"1":2},"b":{},"_coverageSchema":"332fd63041d2c1bcb487cc26dd0d5f7d97098a6c","hash":"e1edf016aa512d42ae8a90cee9674d930548b6da"}
,"/Users/abeck/Code/personal/javascript/just-state/src/setter.js": {"path":"/Users/abeck/Code/personal/javascript/just-state/src/setter.js","statementMap":{"0":{"start":{"line":24,"column":23},"end":{"line":28,"column":1}},"1":{"start":{"line":25,"column":2},"end":{"line":25,"column":23}},"2":{"start":{"line":27,"column":2},"end":{"line":27,"column":12}}},"fnMap":{"0":{"name":"(anonymous_0)","decl":{"start":{"line":24,"column":15},"end":{"line":24,"column":16}},"loc":{"start":{"line":24,"column":23},"end":{"line":28,"column":1}},"line":24},"1":{"name":"(anonymous_1)","decl":{"start":{"line":24,"column":23},"end":{"line":24,"column":24}},"loc":{"start":{"line":24,"column":39},"end":{"line":28,"column":1}},"line":24}},"branchMap":{},"s":{"0":1,"1":2,"2":2},"f":{"0":1,"1":2},"b":{},"_coverageSchema":"332fd63041d2c1bcb487cc26dd0d5f7d97098a6c","hash":"708ad1b04a30f7ff0d52745f90ad05c19d3122a4"}
,"/Users/abeck/Code/personal/javascript/just-state/src/state.js": {"path":"/Users/abeck/Code/personal/javascript/just-state/src/state.js","statementMap":{"0":{"start":{"line":25,"column":24},"end":{"line":33,"column":1}},"1":{"start":{"line":26,"column":2},"end":{"line":32,"column":3}}},"fnMap":{"0":{"name":"(anonymous_0)","decl":{"start":{"line":25,"column":15},"end":{"line":25,"column":16}},"loc":{"start":{"line":25,"column":24},"end":{"line":33,"column":1}},"line":25},"1":{"name":"(anonymous_1)","decl":{"start":{"line":25,"column":24},"end":{"line":25,"column":25}},"loc":{"start":{"line":25,"column":67},"end":{"line":33,"column":1}},"line":25}},"branchMap":{"0":{"loc":{"start":{"line":25,"column":36},"end":{"line":25,"column":62}},"type":"default-arg","locations":[{"start":{"line":25,"column":54},"end":{"line":25,"column":62}}],"line":25}},"s":{"0":1,"1":1},"f":{"0":1,"1":1},"b":{"0":[1]},"_coverageSchema":"332fd63041d2c1bcb487cc26dd0d5f7d97098a6c","hash":"1ed39648da84e6f99f508488dcb5237a34ca0eb8"}
}
