{"/Users/abeck/Code/personal/javascript/state/src/connect.js": {"path":"/Users/abeck/Code/personal/javascript/state/src/connect.js","statementMap":{"0":{"start":{"line":8,"column":18},"end":{"line":8,"column":51}},"1":{"start":{"line":8,"column":23},"end":{"line":8,"column":51}},"2":{"start":{"line":12,"column":4},"end":{"line":12,"column":16}},"3":{"start":{"line":13,"column":4},"end":{"line":13,"column":39}},"4":{"start":{"line":14,"column":4},"end":{"line":14,"column":50}},"5":{"start":{"line":18,"column":31},"end":{"line":18,"column":41}},"6":{"start":{"line":21,"column":27},"end":{"line":28,"column":35}},"7":{"start":{"line":22,"column":21},"end":{"line":25,"column":8}},"8":{"start":{"line":23,"column":8},"end":{"line":23,"column":42}},"9":{"start":{"line":24,"column":8},"end":{"line":24,"column":43}},"10":{"start":{"line":27,"column":6},"end":{"line":27,"column":19}},"11":{"start":{"line":30,"column":4},"end":{"line":34,"column":6}},"12":{"start":{"line":31,"column":6},"end":{"line":33,"column":41}},"13":{"start":{"line":32,"column":23},"end":{"line":32,"column":60}},"14":{"start":{"line":32,"column":50},"end":{"line":32,"column":59}},"15":{"start":{"line":33,"column":28},"end":{"line":33,"column":40}},"16":{"start":{"line":38,"column":22},"end":{"line":38,"column":42}},"17":{"start":{"line":39,"column":28},"end":{"line":39,"column":54}},"18":{"start":{"line":40,"column":24},"end":{"line":40,"column":57}},"19":{"start":{"line":42,"column":4},"end":{"line":42,"column":72}},"20":{"start":{"line":46,"column":0},"end":{"line":48,"column":1}},"21":{"start":{"line":50,"column":0},"end":{"line":55,"column":1}}},"fnMap":{"0":{"name":"(anonymous_0)","decl":{"start":{"line":8,"column":18},"end":{"line":8,"column":19}},"loc":{"start":{"line":8,"column":23},"end":{"line":8,"column":51}},"line":8},"1":{"name":"(anonymous_1)","decl":{"start":{"line":11,"column":2},"end":{"line":11,"column":3}},"loc":{"start":{"line":11,"column":21},"end":{"line":15,"column":3}},"line":11},"2":{"name":"(anonymous_2)","decl":{"start":{"line":17,"column":2},"end":{"line":17,"column":3}},"loc":{"start":{"line":17,"column":24},"end":{"line":35,"column":3}},"line":17},"3":{"name":"(anonymous_3)","decl":{"start":{"line":21,"column":40},"end":{"line":21,"column":41}},"loc":{"start":{"line":21,"column":63},"end":{"line":28,"column":5}},"line":21},"4":{"name":"(anonymous_4)","decl":{"start":{"line":22,"column":38},"end":{"line":22,"column":39}},"loc":{"start":{"line":22,"column":47},"end":{"line":25,"column":7}},"line":22},"5":{"name":"(anonymous_5)","decl":{"start":{"line":30,"column":23},"end":{"line":30,"column":24}},"loc":{"start":{"line":30,"column":37},"end":{"line":34,"column":5}},"line":30},"6":{"name":"(anonymous_6)","decl":{"start":{"line":32,"column":14},"end":{"line":32,"column":15}},"loc":{"start":{"line":32,"column":23},"end":{"line":32,"column":60}},"line":32},"7":{"name":"(anonymous_7)","decl":{"start":{"line":32,"column":44},"end":{"line":32,"column":45}},"loc":{"start":{"line":32,"column":50},"end":{"line":32,"column":59}},"line":32},"8":{"name":"(anonymous_8)","decl":{"start":{"line":33,"column":15},"end":{"line":33,"column":16}},"loc":{"start":{"line":33,"column":28},"end":{"line":33,"column":40}},"line":33},"9":{"name":"(anonymous_9)","decl":{"start":{"line":37,"column":2},"end":{"line":37,"column":3}},"loc":{"start":{"line":37,"column":11},"end":{"line":43,"column":3}},"line":37}},"branchMap":{},"s":{"0":2,"1":0,"2":7,"3":7,"4":7,"5":3,"6":3,"7":4,"8":4,"9":4,"10":4,"11":3,"12":3,"13":2,"14":2,"15":1,"16":9,"17":9,"18":9,"19":9,"20":2,"21":2},"f":{"0":0,"1":7,"2":3,"3":4,"4":4,"5":3,"6":2,"7":2,"8":1,"9":9},"b":{},"_coverageSchema":"332fd63041d2c1bcb487cc26dd0d5f7d97098a6c","hash":"96390c78ba6b0d73602b2d225c636ef96c12fbe2"}
,"/Users/abeck/Code/personal/javascript/state/src/index.js": {"path":"/Users/abeck/Code/personal/javascript/state/src/index.js","statementMap":{},"fnMap":{},"branchMap":{},"s":{},"f":{},"b":{},"_coverageSchema":"332fd63041d2c1bcb487cc26dd0d5f7d97098a6c","hash":"f41234097855ea0f6aca754317c26f56ca17ba98"}
,"/Users/abeck/Code/personal/javascript/state/src/logger.js": {"path":"/Users/abeck/Code/personal/javascript/state/src/logger.js","statementMap":{"0":{"start":{"line":3,"column":22},"end":{"line":5,"column":1}},"1":{"start":{"line":4,"column":2},"end":{"line":4,"column":33}},"2":{"start":{"line":9,"column":4},"end":{"line":9,"column":53}},"3":{"start":{"line":10,"column":4},"end":{"line":10,"column":54}},"4":{"start":{"line":11,"column":4},"end":{"line":11,"column":35}},"5":{"start":{"line":12,"column":4},"end":{"line":12,"column":35}},"6":{"start":{"line":13,"column":4},"end":{"line":13,"column":53}}},"fnMap":{"0":{"name":"(anonymous_0)","decl":{"start":{"line":3,"column":22},"end":{"line":3,"column":23}},"loc":{"start":{"line":3,"column":28},"end":{"line":5,"column":1}},"line":3},"1":{"name":"(anonymous_1)","decl":{"start":{"line":8,"column":18},"end":{"line":8,"column":19}},"loc":{"start":{"line":8,"column":64},"end":{"line":14,"column":3}},"line":8}},"branchMap":{"0":{"loc":{"start":{"line":8,"column":39},"end":{"line":8,"column":59}},"type":"default-arg","locations":[{"start":{"line":8,"column":48},"end":{"line":8,"column":59}}],"line":8}},"s":{"0":3,"1":5,"2":5,"3":5,"4":5,"5":5,"6":5},"f":{"0":5,"1":5},"b":{"0":[0]},"_coverageSchema":"332fd63041d2c1bcb487cc26dd0d5f7d97098a6c","hash":"7e95071c623d38de65eb51ba0ce56d7b78ca5f4c"}
,"/Users/abeck/Code/personal/javascript/state/src/selector.js": {"path":"/Users/abeck/Code/personal/javascript/state/src/selector.js","statementMap":{"0":{"start":{"line":3,"column":23},"end":{"line":3,"column":44}},"1":{"start":{"line":3,"column":30},"end":{"line":3,"column":44}}},"fnMap":{"0":{"name":"(anonymous_0)","decl":{"start":{"line":3,"column":15},"end":{"line":3,"column":16}},"loc":{"start":{"line":3,"column":23},"end":{"line":3,"column":44}},"line":3},"1":{"name":"(anonymous_1)","decl":{"start":{"line":3,"column":23},"end":{"line":3,"column":24}},"loc":{"start":{"line":3,"column":30},"end":{"line":3,"column":44}},"line":3}},"branchMap":{},"s":{"0":1,"1":2},"f":{"0":1,"1":2},"b":{},"_coverageSchema":"332fd63041d2c1bcb487cc26dd0d5f7d97098a6c","hash":"80e7aaa8ab98971b93c8f9d4ecfbb1e782382712"}
,"/Users/abeck/Code/personal/javascript/state/src/setter.js": {"path":"/Users/abeck/Code/personal/javascript/state/src/setter.js","statementMap":{"0":{"start":{"line":3,"column":23},"end":{"line":6,"column":1}},"1":{"start":{"line":4,"column":2},"end":{"line":4,"column":23}},"2":{"start":{"line":5,"column":2},"end":{"line":5,"column":12}}},"fnMap":{"0":{"name":"(anonymous_0)","decl":{"start":{"line":3,"column":15},"end":{"line":3,"column":16}},"loc":{"start":{"line":3,"column":23},"end":{"line":6,"column":1}},"line":3},"1":{"name":"(anonymous_1)","decl":{"start":{"line":3,"column":23},"end":{"line":3,"column":24}},"loc":{"start":{"line":3,"column":39},"end":{"line":6,"column":1}},"line":3}},"branchMap":{},"s":{"0":1,"1":2,"2":2},"f":{"0":1,"1":2},"b":{},"_coverageSchema":"332fd63041d2c1bcb487cc26dd0d5f7d97098a6c","hash":"9d6f39e4a66753e452271b00c3413b7d46a996be"}
,"/Users/abeck/Code/personal/javascript/state/src/state.js": {"path":"/Users/abeck/Code/personal/javascript/state/src/state.js","statementMap":{"0":{"start":{"line":5,"column":24},"end":{"line":13,"column":1}},"1":{"start":{"line":6,"column":2},"end":{"line":12,"column":3}}},"fnMap":{"0":{"name":"(anonymous_0)","decl":{"start":{"line":5,"column":15},"end":{"line":5,"column":16}},"loc":{"start":{"line":5,"column":24},"end":{"line":13,"column":1}},"line":5},"1":{"name":"(anonymous_1)","decl":{"start":{"line":5,"column":24},"end":{"line":5,"column":25}},"loc":{"start":{"line":5,"column":67},"end":{"line":13,"column":1}},"line":5}},"branchMap":{"0":{"loc":{"start":{"line":5,"column":36},"end":{"line":5,"column":62}},"type":"default-arg","locations":[{"start":{"line":5,"column":54},"end":{"line":5,"column":62}}],"line":5}},"s":{"0":1,"1":1},"f":{"0":1,"1":1},"b":{"0":[1]},"_coverageSchema":"332fd63041d2c1bcb487cc26dd0d5f7d97098a6c","hash":"62fcb2a2b9ec7de9b668a9acd46320cb2a9d10c2"}
}
